Using pre-set license
Built from '2020.2/staging' branch; Version is '2020.2.3f1 (8ff31bc5bf5b) revision 9433883'; Using compiler version '192528614'; Build Type 'Release'
OS: 'Windows 10 Pro; OS build 18363.1379; Version 1909; 64bit' Language: 'es' Physical Memory: 8129 MB
BatchMode: 1, IsHumanControllingUs: 0, StartBugReporterOnCrash: 0, Is64bit: 1, IsPro: 0

 COMMAND LINE ARGUMENTS:
C:\Program Files\Unity\Hub\Editor\2020.2.3f1\Editor\Unity.exe
-adb2
-batchMode
-noUpm
-name
AssetImportWorker0
-projectPath
D:/MotoPoryect
-logFile
Logs/AssetImportWorker0.log
-srvPort
52366
Successfully changed project path to: D:/MotoPoryect
D:/MotoPoryect
Using Asset Import Pipeline V2.
Refreshing native plugins compatible for Editor in 23.94 ms, found 0 plugins.
Preloading 0 native plugins for Editor in 0.00 ms.
Initialize engine version: 2020.2.3f1 (8ff31bc5bf5b)
[Subsystems] Discovering subsystems at path C:/Program Files/Unity/Hub/Editor/2020.2.3f1/Editor/Data/Resources/UnitySubsystems
[Subsystems] Discovering subsystems at path D:/MotoPoryect/Assets
GfxDevice: creating device client; threaded=0
Direct3D:
    Version:  Direct3D 11.0 [level 11.1]
    Renderer: NVIDIA GeForce GTX 960 (ID=0x1401)
    Vendor:   
    VRAM:     4053 MB
    Driver:   27.21.14.6109
Initialize mono
Mono path[0] = 'C:/Program Files/Unity/Hub/Editor/2020.2.3f1/Editor/Data/Managed'
Mono path[1] = 'C:/Program Files/Unity/Hub/Editor/2020.2.3f1/Editor/Data/MonoBleedingEdge/lib/mono/unityjit'
Mono config path = 'C:/Program Files/Unity/Hub/Editor/2020.2.3f1/Editor/Data/MonoBleedingEdge/etc'
Using monoOptions --debugger-agent=transport=dt_socket,embedding=1,server=y,suspend=n,address=127.0.0.1:56796
Begin MonoManager ReloadAssembly
Registering precompiled unity dll's ...
Register platform support module: C:/Program Files/Unity/Hub/Editor/2020.2.3f1/Editor/Data/PlaybackEngines/WindowsStandaloneSupport/UnityEditor.WindowsStandalone.Extensions.dll
Registered in 0.002477 seconds.
Native extension for WindowsStandalone target not found
Refreshing native plugins compatible for Editor in 24.34 ms, found 0 plugins.
Preloading 0 native plugins for Editor in 0.00 ms.
Invoked RoslynAnalysisRunner static constructor.
RoslynAnalysisRunner will not be running.
RoslynAnalysisRunner has terminated.
Mono: successfully reloaded assembly
- Completed reload, in  1.217 seconds
Platform modules already initialized, skipping
Registering precompiled user dll's ...
Registered in 0.000824 seconds.
Begin MonoManager ReloadAssembly
Native extension for WindowsStandalone target not found
Refreshing native plugins compatible for Editor in 0.20 ms, found 0 plugins.
Preloading 0 native plugins for Editor in 0.00 ms.
Invoked RoslynAnalysisRunner static constructor.
RoslynAnalysisRunner will not be running.
RoslynAnalysisRunner has terminated.
Mono: successfully reloaded assembly
- Completed reload, in  0.872 seconds
Platform modules already initialized, skipping
========================================================================
Worker process is ready to serve import requests
Launched and connected shader compiler UnityShaderCompiler.exe after 0.07 seconds
Refreshing native plugins compatible for Editor in 0.21 ms, found 0 plugins.
Preloading 0 native plugins for Editor in 0.00 ms.
Unloading 1099 Unused Serialized files (Serialized files now loaded: 0)
System memory in use before: 56.7 MB.
System memory in use after: 56.7 MB.

Unloading 10 unused Assets to reduce memory usage. Loaded Objects now: 1540.
Total: 1.681000 ms (FindLiveObjects: 0.123700 ms CreateObjectMapping: 0.040400 ms MarkObjects: 1.430600 ms  DeleteObjects: 0.085200 ms)

========================================================================
Received Import Request.
  path: Assets/FPS
  artifactKey: Guid(669704f4f2b2eb24a84a0b2dddf78f91) Importer(815301076,1909f56bfc062723c751e8b465ee728b)
Start importing Assets/FPS using Guid(669704f4f2b2eb24a84a0b2dddf78f91) Importer(815301076,1909f56bfc062723c751e8b465ee728b)  -> (artifact id: 'b91ccc5a8fabab6c5ce89d61a70a57bb') in 0.008852 seconds
  Import took 0.011142 seconds .

========================================================================
Received Import Request.
  Time since last request: 7.974166 seconds.
  path: Assets/FPS/Scripts
  artifactKey: Guid(ca66290f0cfefad4ca949d83025b5659) Importer(815301076,1909f56bfc062723c751e8b465ee728b)
Start importing Assets/FPS/Scripts using Guid(ca66290f0cfefad4ca949d83025b5659) Importer(815301076,1909f56bfc062723c751e8b465ee728b)  -> (artifact id: '968066f279e5f4f13c466c082a699d28') in 0.009364 seconds
  Import took 0.015515 seconds .

========================================================================
Received Import Request.
  Time since last request: 504.668970 seconds.
  path: Assets/FPS/Scripts/Camera&Controller2.prefab
  artifactKey: Guid(19c6f97abbc4743449fc6fef402c7105) Importer(815301076,1909f56bfc062723c751e8b465ee728b)
Start importing Assets/FPS/Scripts/Camera&Controller2.prefab using Guid(19c6f97abbc4743449fc6fef402c7105) Importer(815301076,1909f56bfc062723c751e8b465ee728b)  -> (artifact id: '4cec708236f09c38319fff7c9f2fca9c') in 0.058617 seconds
  Import took 0.079502 seconds .

========================================================================
Received Import Request.
  Time since last request: 380.566748 seconds.
  path: Assets/FPS/Scripts/Player
  artifactKey: Guid(47659e142c592da468f923d79592966a) Importer(815301076,1909f56bfc062723c751e8b465ee728b)
Start importing Assets/FPS/Scripts/Player using Guid(47659e142c592da468f923d79592966a) Importer(815301076,1909f56bfc062723c751e8b465ee728b)  -> (artifact id: '82cd8b80e152e208336e3d0237dd8016') in 0.008691 seconds
  Import took 0.011489 seconds .

========================================================================
Received Import Request.
  Time since last request: 167.624795 seconds.
  path: Assets/FPS/Scripts/Player/vp_FPCamera.cs
  artifactKey: Guid(c0ba7a0967ed51c4286aa765bf95d4ca) Importer(815301076,1909f56bfc062723c751e8b465ee728b)
Start importing Assets/FPS/Scripts/Player/vp_FPCamera.cs using Guid(c0ba7a0967ed51c4286aa765bf95d4ca) Importer(815301076,1909f56bfc062723c751e8b465ee728b)  -> (artifact id: '8eb46c600d20c349e7968e6d5a3058cd') in 0.020552 seconds
  Import took 0.037734 seconds .

========================================================================
Received Import Request.
  Time since last request: 0.613682 seconds.
  path: Assets/FPS/Scripts/Player/vp_FPController.cs
  artifactKey: Guid(e9706ed8d6f2bd6489a75a49b8ca1720) Importer(815301076,1909f56bfc062723c751e8b465ee728b)
Start importing Assets/FPS/Scripts/Player/vp_FPController.cs using Guid(e9706ed8d6f2bd6489a75a49b8ca1720) Importer(815301076,1909f56bfc062723c751e8b465ee728b)  -> (artifact id: 'a6ec2ec55a940576eb3cc3e22086e706') in 0.015849 seconds
  Import took 0.025861 seconds .

========================================================================
Received Import Request.
  Time since last request: 18.665364 seconds.
  path: Assets/FPS/Scripts/Player/vp_FPInput.cs
  artifactKey: Guid(741320e35017bad4e926b6676d01238e) Importer(815301076,1909f56bfc062723c751e8b465ee728b)
Start importing Assets/FPS/Scripts/Player/vp_FPInput.cs using Guid(741320e35017bad4e926b6676d01238e) Importer(815301076,1909f56bfc062723c751e8b465ee728b)  -> (artifact id: 'd34ddb7d7fe76372d9462201578c2437') in 0.004352 seconds
  Import took 0.027925 seconds .

========================================================================
Received Import Request.
  Time since last request: 0.007412 seconds.
  path: Assets/FPS/Scripts/Player/vp_FPInput.cs
  artifactKey: Guid(741320e35017bad4e926b6676d01238e) Importer(815301076,1909f56bfc062723c751e8b465ee728b)
Start importing Assets/FPS/Scripts/Player/vp_FPInput.cs using Guid(741320e35017bad4e926b6676d01238e) Importer(815301076,1909f56bfc062723c751e8b465ee728b)  -> (artifact id: 'd34ddb7d7fe76372d9462201578c2437') in 0.007758 seconds
  Import took 0.011988 seconds .

========================================================================
Received Import Request.
  Time since last request: 103.532029 seconds.
  path: Assets/FPS/Scripts/Player/vp_Component.cs
  artifactKey: Guid(fa825aca620198847be3868aa81ad469) Importer(815301076,1909f56bfc062723c751e8b465ee728b)
Start importing Assets/FPS/Scripts/Player/vp_Component.cs using Guid(fa825aca620198847be3868aa81ad469) Importer(815301076,1909f56bfc062723c751e8b465ee728b)  -> (artifact id: 'e0e03c20ec587498a83be9cc130e96cf') in 0.004666 seconds
  Import took 0.026387 seconds .

========================================================================
Received Import Request.
  Time since last request: 0.000712 seconds.
  path: Assets/FPS/Scripts/Player/vp_Component.cs
  artifactKey: Guid(fa825aca620198847be3868aa81ad469) Importer(815301076,1909f56bfc062723c751e8b465ee728b)
Start importing Assets/FPS/Scripts/Player/vp_Component.cs using Guid(fa825aca620198847be3868aa81ad469) Importer(815301076,1909f56bfc062723c751e8b465ee728b)  -> (artifact id: 'e0e03c20ec587498a83be9cc130e96cf') in 0.005059 seconds
  Import took 0.008204 seconds .

========================================================================
Received Import Request.
  Time since last request: 1.192545 seconds.
  path: Assets/FPS/Scripts/Player/vp_FPPlayerEventHandler.cs
  artifactKey: Guid(f4e9a2d9b6003754082e6e4e2eed63d6) Importer(815301076,1909f56bfc062723c751e8b465ee728b)
Start importing Assets/FPS/Scripts/Player/vp_FPPlayerEventHandler.cs using Guid(f4e9a2d9b6003754082e6e4e2eed63d6) Importer(815301076,1909f56bfc062723c751e8b465ee728b)  -> (artifact id: '81b32e67faf73f411cde1e8e0eec9d35') in 0.014797 seconds
  Import took 0.020289 seconds .

========================================================================
Received Import Request.
  Time since last request: 26.467076 seconds.
  path: Assets/FPS/Scripts/Extras
  artifactKey: Guid(fb5ceec71498ef942b8386e3bbd8d40c) Importer(815301076,1909f56bfc062723c751e8b465ee728b)
Start importing Assets/FPS/Scripts/Extras using Guid(fb5ceec71498ef942b8386e3bbd8d40c) Importer(815301076,1909f56bfc062723c751e8b465ee728b)  -> (artifact id: '71eeba9e5a784113b26934cc0caddb1d') in 0.010515 seconds
  Import took 0.021663 seconds .

========================================================================
Received Import Request.
  Time since last request: 91.245799 seconds.
  path: Assets/FPS/Scripts/Extras/vp_CharacterController.cs
  artifactKey: Guid(55c5ec8039e9e8f4a8ff0d7265077b11) Importer(815301076,1909f56bfc062723c751e8b465ee728b)
Start importing Assets/FPS/Scripts/Extras/vp_CharacterController.cs using Guid(55c5ec8039e9e8f4a8ff0d7265077b11) Importer(815301076,1909f56bfc062723c751e8b465ee728b)  -> (artifact id: 'b60ef508c50d9086fcc70d609acb5125') in 0.006914 seconds
  Import took 0.028026 seconds .

========================================================================
Received Import Request.
  Time since last request: 290.546156 seconds.
  path: Assets/FPS/Scripts/Camera&Controller (1).prefab
  artifactKey: Guid(177d2ad70ff72464b8e12cd25afb0ad6) Importer(815301076,1909f56bfc062723c751e8b465ee728b)
Start importing Assets/FPS/Scripts/Camera&Controller (1).prefab using Guid(177d2ad70ff72464b8e12cd25afb0ad6) Importer(815301076,1909f56bfc062723c751e8b465ee728b)  -> (artifact id: '292e6c0d6a2d69e7f4c19f417831643a') in 0.006776 seconds
  Import took 0.019484 seconds .

========================================================================
Received Import Request.
  Time since last request: 188.426468 seconds.
  path: Assets/FPS/Scripts/Player/vp_FPControllerEditor.cs
  artifactKey: Guid(72527f2c0cd935a419b928e8444b3971) Importer(815301076,1909f56bfc062723c751e8b465ee728b)
Start importing Assets/FPS/Scripts/Player/vp_FPControllerEditor.cs using Guid(72527f2c0cd935a419b928e8444b3971) Importer(815301076,1909f56bfc062723c751e8b465ee728b)  -> (artifact id: '40a04afd03787fc71750d73e21c35690') in 0.010136 seconds
  Import took 0.026000 seconds .

========================================================================
Received Prepare
Registering precompiled user dll's ...
Registered in 0.000621 seconds.
Begin MonoManager ReloadAssembly
Native extension for WindowsStandalone target not found
Refreshing native plugins compatible for Editor in 0.28 ms, found 0 plugins.
Preloading 0 native plugins for Editor in 0.00 ms.
Invoked RoslynAnalysisRunner static constructor.
RoslynAnalysisRunner will not be running.
RoslynAnalysisRunner has terminated.
Mono: successfully reloaded assembly
- Completed reload, in  0.852 seconds
Platform modules already initialized, skipping
Refreshing native plugins compatible for Editor in 0.25 ms, found 0 plugins.
Preloading 0 native plugins for Editor in 0.00 ms.
Unloading 1276 Unused Serialized files (Serialized files now loaded: 0)
System memory in use before: 62.3 MB.
System memory in use after: 62.4 MB.

Unloading 5 unused Assets to reduce memory usage. Loaded Objects now: 1724.
Total: 1.667500 ms (FindLiveObjects: 0.128100 ms CreateObjectMapping: 0.044300 ms MarkObjects: 1.443300 ms  DeleteObjects: 0.050900 ms)

========================================================================
Received Prepare
Registering precompiled user dll's ...
Registered in 0.000835 seconds.
Begin MonoManager ReloadAssembly
Native extension for WindowsStandalone target not found
Refreshing native plugins compatible for Editor in 0.26 ms, found 0 plugins.
Preloading 0 native plugins for Editor in 0.00 ms.
Invoked RoslynAnalysisRunner static constructor.
RoslynAnalysisRunner will not be running.
RoslynAnalysisRunner has terminated.
Mono: successfully reloaded assembly
- Completed reload, in  0.926 seconds
Platform modules already initialized, skipping
Refreshing native plugins compatible for Editor in 0.38 ms, found 0 plugins.
Preloading 0 native plugins for Editor in 0.00 ms.
Unloading 1276 Unused Serialized files (Serialized files now loaded: 0)
System memory in use before: 62.4 MB.
System memory in use after: 62.4 MB.

Unloading 5 unused Assets to reduce memory usage. Loaded Objects now: 1726.
Total: 1.552000 ms (FindLiveObjects: 0.183500 ms CreateObjectMapping: 0.059400 ms MarkObjects: 1.239200 ms  DeleteObjects: 0.069000 ms)

========================================================================
Received Prepare
Registering precompiled user dll's ...
Registered in 0.000738 seconds.
Begin MonoManager ReloadAssembly
Native extension for WindowsStandalone target not found
Refreshing native plugins compatible for Editor in 0.23 ms, found 0 plugins.
Preloading 0 native plugins for Editor in 0.00 ms.
Invoked RoslynAnalysisRunner static constructor.
RoslynAnalysisRunner will not be running.
RoslynAnalysisRunner has terminated.
Mono: successfully reloaded assembly
- Completed reload, in  0.814 seconds
Platform modules already initialized, skipping
Refreshing native plugins compatible for Editor in 0.27 ms, found 0 plugins.
Preloading 0 native plugins for Editor in 0.00 ms.
Unloading 1276 Unused Serialized files (Serialized files now loaded: 0)
System memory in use before: 62.4 MB.
System memory in use after: 62.5 MB.

Unloading 5 unused Assets to reduce memory usage. Loaded Objects now: 1728.
Total: 1.711900 ms (FindLiveObjects: 0.171700 ms CreateObjectMapping: 0.052800 ms MarkObjects: 1.434500 ms  DeleteObjects: 0.051400 ms)

========================================================================
Received Prepare
Registering precompiled user dll's ...
Registered in 0.000797 seconds.
Begin MonoManager ReloadAssembly
Native extension for WindowsStandalone target not found
Refreshing native plugins compatible for Editor in 0.28 ms, found 0 plugins.
Preloading 0 native plugins for Editor in 0.00 ms.
Invoked RoslynAnalysisRunner static constructor.
RoslynAnalysisRunner will not be running.
RoslynAnalysisRunner has terminated.
Mono: successfully reloaded assembly
- Completed reload, in  0.976 seconds
Platform modules already initialized, skipping
Refreshing native plugins compatible for Editor in 0.25 ms, found 0 plugins.
Preloading 0 native plugins for Editor in 0.00 ms.
Unloading 1276 Unused Serialized files (Serialized files now loaded: 0)
System memory in use before: 62.4 MB.
System memory in use after: 62.5 MB.

Unloading 5 unused Assets to reduce memory usage. Loaded Objects now: 1730.
Total: 2.096900 ms (FindLiveObjects: 0.286500 ms CreateObjectMapping: 0.123400 ms MarkObjects: 1.589800 ms  DeleteObjects: 0.095800 ms)

========================================================================
Received Prepare
Registering precompiled user dll's ...
Registered in 0.001053 seconds.
Begin MonoManager ReloadAssembly
Native extension for WindowsStandalone target not found
Refreshing native plugins compatible for Editor in 0.23 ms, found 0 plugins.
Preloading 0 native plugins for Editor in 0.00 ms.
Invoked RoslynAnalysisRunner static constructor.
RoslynAnalysisRunner will not be running.
RoslynAnalysisRunner has terminated.
Mono: successfully reloaded assembly
- Completed reload, in  0.818 seconds
Platform modules already initialized, skipping
Refreshing native plugins compatible for Editor in 0.41 ms, found 0 plugins.
Preloading 0 native plugins for Editor in 0.00 ms.
Unloading 1276 Unused Serialized files (Serialized files now loaded: 0)
System memory in use before: 62.4 MB.
System memory in use after: 62.5 MB.

Unloading 5 unused Assets to reduce memory usage. Loaded Objects now: 1732.
Total: 2.059500 ms (FindLiveObjects: 0.174600 ms CreateObjectMapping: 0.098700 ms MarkObjects: 1.728900 ms  DeleteObjects: 0.055800 ms)

========================================================================
Received Prepare
Registering precompiled user dll's ...
Registered in 0.000986 seconds.
Begin MonoManager ReloadAssembly
Native extension for WindowsStandalone target not found
Refreshing native plugins compatible for Editor in 0.27 ms, found 0 plugins.
Preloading 0 native plugins for Editor in 0.00 ms.
Invoked RoslynAnalysisRunner static constructor.
RoslynAnalysisRunner will not be running.
RoslynAnalysisRunner has terminated.
Mono: successfully reloaded assembly
- Completed reload, in  1.131 seconds
Platform modules already initialized, skipping
Refreshing native plugins compatible for Editor in 0.26 ms, found 0 plugins.
Preloading 0 native plugins for Editor in 0.00 ms.
Unloading 1276 Unused Serialized files (Serialized files now loaded: 0)
System memory in use before: 62.4 MB.
System memory in use after: 62.5 MB.

Unloading 5 unused Assets to reduce memory usage. Loaded Objects now: 1734.
Total: 2.133400 ms (FindLiveObjects: 0.361700 ms CreateObjectMapping: 0.111400 ms MarkObjects: 1.584800 ms  DeleteObjects: 0.074200 ms)

AssetImportWorkerClient::OnTransportError - code=2 error=End of file
